#
# A fatal error has been detected by the Java Runtime Environment:
#
#  SIGSEGV (0xb) at pc=0x000000012b263561, pid=25299, tid=1811
#
# JRE version: Java(TM) SE Runtime Environment (8.0_51-b16) (build 1.8.0_51-b16)
# Java VM: Java HotSpot(TM) 64-Bit Server VM (25.51-b03 mixed mode bsd-amd64 compressed oops)
# Problematic frame:
# C  [libglass.dylib+0x15561]  GlassScreenDidChangeScreenParameters+0x21
#
# Failed to write core dump. Core dumps have been disabled. To enable core dumping, try "ulimit -c unlimited" before starting Java again
#
# If you would like to submit a bug report, please visit:
#   http://bugreport.java.com/bugreport/crash.jsp
#

---------------  T H R E A D  ---------------

Current thread is native thread

siginfo: si_signo: 11 (SIGSEGV), si_code: 1 (SEGV_MAPERR), si_addr: 0x0000000000000000

Registers:
RAX=0x000000012b295ac8, RBX=0x0000000000000000, RCX=0xae00e355c365dbb4, RDX=0x00007fff77df21f8
RSP=0x00007fff54a50f90, RBP=0x00007fff54a50fa0, RSI=0x00007fe6787014e0, RDI=0x0000000000000000
R8 =0x00007fff54a50e40, R9 =0x00007fff79a4a300, R10=0x0000000000000000, R11=0x0000000000000246
R12=0x00007fe67a311720, R13=0x00000000000f426a, R14=0x00007fe67854d280, R15=0x00007fff54a510e0
RIP=0x000000012b263561, EFLAGS=0x0000000000010246, ERR=0x0000000000000004
  TRAPNO=0x000000000000000e

Top of Stack: (sp=0x00007fff54a50f90)
0x00007fff54a50f90:   00007fff54a51170 00007fe67854d280
0x00007fff54a50fa0:   00007fff54a50fb0 00007fff95f8145c
0x00007fff54a50fb0:   00007fff54a51310 00007fff95e71634
0x00007fff54a50fc0:   00007fff54a51010 0000000000001e00
0x00007fff54a50fd0:   00007fff799feed0 00007fe67a3450f0
0x00007fff54a50fe0:   0000000000001003 0000000000000270
0x00007fff54a50ff0:   00007fe67a3450f0 00007fe67854d280
0x00007fff54a51000:   0000000000000000 00007fff54a510e0
0x00007fff54a51010:   0000000000000000 00007fe67854d240
0x00007fff54a51020:   00007fff54a51160 000000000000001a
0x00007fff54a51030:   00000000000f4288 00007fe67a102420
0x00007fff54a51040:   00007fe678727900 00007fe67a311720
0x00007fff54a51050:   0000000000000001 00000000000f426a
0x00007fff54a51060:   00007fe67a311710 00007fff93d2facb
0x00007fff54a51070:   0000000000000001 0000000000000001
0x00007fff54a51080:   0000000000000030 0000000000000001
0x00007fff54a51090:   000000010b1caa00 0000000000000002
0x00007fff54a510a0:   000000010b1c7000 00007fe67a101072
0x00007fff54a510b0:   0000000000000010 0000000000000000
0x00007fff54a510c0:   000031037872e940 00007fe67a311744
0x00007fff54a510d0:   0000000000000000 00007fff95e6710f
0x00007fff54a510e0:   00007fe67854d280 00007fff799fcfb0
0x00007fff54a510f0:   000000010b1caa00 0000000000000002
0x00007fff54a51100:   00007fff54a51140 00007fff93d2f53e
0x00007fff54a51110:   000000010b1caa00 0000000000000002
0x00007fff54a51120:   000000010b1c7000 00007fe67a101072
0x00007fff54a51130:   0000000000000003 000000010b1cc800
0x00007fff54a51140:   00007fff54a51230 00007fff93d2e2a2
0x00007fff54a51150:   00007fe678500000 0000000000000040
0x00007fff54a51160:   0000000000000017 0000000000000000
0x00007fff54a51170:   00000000000f426a 00007fff93d343ec
0x00007fff54a51180:   00007fe67850c3a0 00007fff54a511b8 

Instructions: (pc=0x000000012b263561)
0x000000012b263541:   48 89 e5 41 56 53 48 8d 05 72 26 03 00 48 83 38
0x000000012b263551:   00 48 89 fb 75 72 48 8d 05 6a 25 03 00 48 8b 30
0x000000012b263561:   48 8b 03 48 8d 15 74 9a 01 00 48 8d 0d 2e 70 01
0x000000012b263571:   00 48 89 df ff 90 88 03 00 00 48 8d 0d 3e 26 03 

Register to memory mapping:

RAX=0x000000012b295ac8: jScreenClass+0 in /Library/Java/JavaVirtualMachines/jdk1.8.0_51.jdk/Contents/Home/jre/lib/libglass.dylib at 0x000000012b24e000
RBX=0x0000000000000000 is an unknown value
RCX=0xae00e355c365dbb4 is an unknown value
RDX=0x00007fff77df21f8: __sFX+0x1c8 in /usr/lib/system/libsystem_c.dylib at 0x00007fff8b8fa000
RSP=0x00007fff54a50f90 is an unknown value
RBP=0x00007fff54a50fa0 is an unknown value
RSI=0x00007fe6787014e0 is a global jni handle
RDI=0x0000000000000000 is an unknown value
R8 =0x00007fff54a50e40 is an unknown value
R9 =0x00007fff79a4a300: _thread+0 in /usr/lib/system/libsystem_pthread.dylib at 0x00007fff963a2000
R10=0x0000000000000000 is an unknown value
R11=0x0000000000000246 is an unknown value
R12=0x00007fe67a311720 is an unknown value
R13=0x00000000000f426a is an unknown value
R14=0x00007fe67854d280 is an unknown value
R15=0x00007fff54a510e0 is an unknown value


Stack: [0x00007fff54254000,0x00007fff54a54000],  sp=0x00007fff54a50f90,  free space=8179k
Native frames: (J=compiled Java code, j=interpreted, Vv=VM code, C=native code)
C  [libglass.dylib+0x15561]  GlassScreenDidChangeScreenParameters+0x21
C  [CoreFoundation+0x12045c]  __CFNOTIFICATIONCENTER_IS_CALLING_OUT_TO_AN_OBSERVER__+0xc
C  [CoreFoundation+0x10634]  _CFXNotificationPost+0xc44
C  [Foundation+0x79d1]  -[NSNotificationCenter postNotificationName:object:userInfo:]+0x42
C  [AppKit+0x40df7e]  -[NSApplication _reactToScreenInvalidationImmediately:]+0x17b
C  [AppKit+0x40ddc7]  __44-[NSApplication _reactToScreenInvalidation:]_block_invoke+0x4b
C  [CoreFoundation+0x808ec]  __CFRUNLOOP_IS_CALLING_OUT_TO_A_BLOCK__+0xc
C  [CoreFoundation+0x729f5]  __CFRunLoopDoBlocks+0x155
C  [CoreFoundation+0x72536]  __CFRunLoopRun+0x716
C  [CoreFoundation+0x71bd8]  CFRunLoopRunSpecific+0x128
C  [java+0x6463]  CreateExecutionEnvironment+0x367
C  [java+0x21ac]  JLI_Launch+0x7a0
C  [java+0x84c0]  main+0x65
C  [java+0x1a04]  start+0x34


---------------  P R O C E S S  ---------------

VM state:at safepoint (normal execution)

VM Mutex/Monitor currently owned by a thread:  ([mutex/lock_event])
[0x00007fe678504440] Threads_lock - owner thread: 0x00007fe67c800000

Heap:
 PSYoungGen      total 76288K, used 17505K [0x000000076ab00000, 0x0000000770000000, 0x00000007c0000000)
  eden space 65536K, 26% used [0x000000076ab00000,0x000000076bc18660,0x000000076eb00000)
  from space 10752K, 0% used [0x000000076f580000,0x000000076f580000,0x0000000770000000)
  to   space 10752K, 0% used [0x000000076eb00000,0x000000076eb00000,0x000000076f580000)
 ParOldGen       total 175104K, used 0K [0x00000006c0000000, 0x00000006cab00000, 0x000000076ab00000)
  object space 175104K, 0% used [0x00000006c0000000,0x00000006c0000000,0x00000006cab00000)
 Metaspace       used 7768K, capacity 8078K, committed 8320K, reserved 1056768K
  class space    used 917K, capacity 1031K, committed 1152K, reserved 1048576K

Card table byte_map: [0x000000011c77d000,0x000000011cf7e000] byte_map_base: 0x000000011917d000

Marking Bits: (ParMarkBitMap*) 0x000000010ccc27a0
 Begin Bits: [0x000000011dcec000, 0x0000000121cec000)
 End Bits:   [0x0000000121cec000, 0x0000000125cec000)

Polling page: 0x000000010b3f7000

CodeCache: size=245760Kb used=2338Kb max_used=2347Kb free=243421Kb
 bounds [0x000000010d3bd000, 0x000000010d62d000, 0x000000011c3bd000]
 total_blobs=941 nmethods=549 adapters=306
 compilation: enabled

Compilation events (10 events):
Event: 0.394 Thread 0x00007fe67903e800 nmethod 548 0x000000010d603850 code [0x000000010d6039e0, 0x000000010d603cf8]
Event: 0.394 Thread 0x00007fe67903e800  544       1       java.nio.Buffer::limit (5 bytes)
Event: 0.394 Thread 0x00007fe67903e800 nmethod 544 0x000000010d603e50 code [0x000000010d603fa0, 0x000000010d6040b0]
Event: 0.394 Thread 0x00007fe67903e800  547       3       java.nio.Buffer::position (43 bytes)
Event: 0.394 Thread 0x00007fe67903e800 nmethod 547 0x000000010d604110 code [0x000000010d604280, 0x000000010d604548]
Event: 0.394 Thread 0x00007fe67903e800  549       3       java.nio.CharBuffer::arrayOffset (35 bytes)
Event: 0.395 Thread 0x00007fe67903e800 nmethod 549 0x000000010d604610 code [0x000000010d6047a0, 0x000000010d604ab8]
Event: 0.395 Thread 0x00007fe67903e800  550       3       java.nio.ByteBuffer::array (35 bytes)
Event: 0.395 Thread 0x00007fe67903e800 nmethod 550 0x000000010d604c10 code [0x000000010d604da0, 0x000000010d6050b8]
Event: 0.395 Thread 0x00007fe679027000 nmethod 546 0x000000010d607f90 code [0x000000010d6080e0, 0x000000010d608258]

GC Heap History (0 events):
No events

Deoptimization events (1 events):
Event: 0.353 Thread 0x00007fe67c03a800 Uncommon trap: reason=unstable_if action=reinterpret pc=0x000000010d576984 method=java.lang.String.replace(CC)Ljava/lang/String; @ 26

Internal exceptions (10 events):
Event: 0.081 Thread 0x00007fe67b802000 Exception <a 'java/security/PrivilegedActionException'> (0x000000076abea498) thrown at [/Users/java_re/workspace/8-2-build-macosx-x86_64/jdk8u51/3951/hotspot/src/share/vm/prims/jvm.cpp, line 1382]
Event: 0.081 Thread 0x00007fe67b802000 Exception <a 'java/security/PrivilegedActionException'> (0x000000076abea650) thrown at [/Users/java_re/workspace/8-2-build-macosx-x86_64/jdk8u51/3951/hotspot/src/share/vm/prims/jvm.cpp, line 1382]
Event: 0.127 Thread 0x00007fe67b802000 Exception <a 'java/lang/NoSuchFieldError': method resolution failed> (0x000000076af926f8) thrown at [/Users/java_re/workspace/8-2-build-macosx-x86_64/jdk8u51/3951/hotspot/src/share/vm/prims/methodHandles.cpp, line 1125]
Event: 0.129 Thread 0x00007fe67b802000 Exception <a 'java/lang/NoSuchFieldError': method resolution failed> (0x000000076afa0dc8) thrown at [/Users/java_re/workspace/8-2-build-macosx-x86_64/jdk8u51/3951/hotspot/src/share/vm/prims/methodHandles.cpp, line 1125]
Event: 0.141 Thread 0x00007fe67b802000 Exception <a 'java/security/PrivilegedActionException'> (0x000000076b030900) thrown at [/Users/java_re/workspace/8-2-build-macosx-x86_64/jdk8u51/3951/hotspot/src/share/vm/prims/jvm.cpp, line 1382]
Event: 0.141 Thread 0x00007fe67b802000 Exception <a 'java/security/PrivilegedActionException'> (0x000000076b030ab8) thrown at [/Users/java_re/workspace/8-2-build-macosx-x86_64/jdk8u51/3951/hotspot/src/share/vm/prims/jvm.cpp, line 1382]
Event: 0.141 Thread 0x00007fe67b802000 Exception <a 'java/security/PrivilegedActionException'> (0x000000076b033ca8) thrown at [/Users/java_re/workspace/8-2-build-macosx-x86_64/jdk8u51/3951/hotspot/src/share/vm/prims/jvm.cpp, line 1382]
Event: 0.141 Thread 0x00007fe67b802000 Exception <a 'java/security/PrivilegedActionException'> (0x000000076b033e60) thrown at [/Users/java_re/workspace/8-2-build-macosx-x86_64/jdk8u51/3951/hotspot/src/share/vm/prims/jvm.cpp, line 1382]
Event: 0.141 Thread 0x00007fe67b802000 Exception <a 'java/lang/NullPointerException'> (0x000000076b035780) thrown at [/Users/java_re/workspace/8-2-build-macosx-x86_64/jdk8u51/3951/hotspot/src/share/vm/interpreter/linkResolver.cpp, line 1178]
Event: 0.393 Thread 0x00007fe67b802000 Exception <a 'java/lang/reflect/InvocationTargetException'> (0x000000076b2832b0) thrown at [/Users/java_re/workspace/8-2-build-macosx-x86_64/jdk8u51/3951/hotspot/src/share/vm/runtime/reflection.cpp, line 1080]

Events (10 events):
Event: 0.396 loading class java/util/Formatter$Flags done
Event: 0.396 loading class java/util/Formatter$Conversion
Event: 0.396 loading class java/util/Formatter$Conversion done
Event: 0.397 loading class java/util/Formattable
Event: 0.397 loading class java/util/Formattable done
Event: 0.397 loading class java/util/IdentityHashMap$KeyIterator
Event: 0.397 loading class java/util/IdentityHashMap$IdentityHashMapIterator
Event: 0.397 loading class java/util/IdentityHashMap$IdentityHashMapIterator done
Event: 0.397 loading class java/util/IdentityHashMap$KeyIterator done
Event: 0.397 Executing VM operation: Exit


Dynamic libraries:
0x00000000075db000 	/System/Library/Frameworks/Cocoa.framework/Versions/A/Cocoa
0x00000000075db000 	/System/Library/Frameworks/Security.framework/Versions/A/Security
0x00000000075db000 	/System/Library/Frameworks/ApplicationServices.framework/Versions/A/ApplicationServices
0x00000000075db000 	/usr/lib/libz.1.dylib
0x00000000075db000 	/usr/lib/libSystem.B.dylib
0x00000000075db000 	/usr/lib/libobjc.A.dylib
0x00000000075db000 	/System/Library/Frameworks/CoreFoundation.framework/Versions/A/CoreFoundation
0x00000000075db000 	/System/Library/Frameworks/Foundation.framework/Versions/C/Foundation
0x00000000075db000 	/System/Library/Frameworks/AppKit.framework/Versions/C/AppKit
0x00000000075db000 	/System/Library/Frameworks/CoreData.framework/Versions/A/CoreData
0x00000000075db000 	/System/Library/PrivateFrameworks/RemoteViewServices.framework/Versions/A/RemoteViewServices
0x00000000075db000 	/System/Library/PrivateFrameworks/UIFoundation.framework/Versions/A/UIFoundation
0x00000000075db000 	/System/Library/Frameworks/IOSurface.framework/Versions/A/IOSurface
0x00000000075db000 	/System/Library/Frameworks/AudioToolbox.framework/Versions/A/AudioToolbox
0x00000000075db000 	/System/Library/Frameworks/AudioUnit.framework/Versions/A/AudioUnit
0x00000000075db000 	/System/Library/PrivateFrameworks/DataDetectorsCore.framework/Versions/A/DataDetectorsCore
0x00000000075db000 	/System/Library/PrivateFrameworks/DesktopServicesPriv.framework/Versions/A/DesktopServicesPriv
0x00000000075db000 	/System/Library/Frameworks/Carbon.framework/Versions/A/Frameworks/HIToolbox.framework/Versions/A/HIToolbox
0x00000000075db000 	/System/Library/Frameworks/QuartzCore.framework/Versions/A/QuartzCore
0x00000000075db000 	/System/Library/Frameworks/Carbon.framework/Versions/A/Frameworks/SpeechRecognition.framework/Versions/A/SpeechRecognition
0x00000000075db000 	/usr/lib/libauto.dylib
0x00000000075db000 	/usr/lib/libicucore.A.dylib
0x00000000075db000 	/usr/lib/libxml2.2.dylib
0x00000000075db000 	/System/Library/PrivateFrameworks/CoreUI.framework/Versions/A/CoreUI
0x00000000075db000 	/System/Library/Frameworks/CoreAudio.framework/Versions/A/CoreAudio
0x00000000075db000 	/System/Library/Frameworks/DiskArbitration.framework/Versions/A/DiskArbitration
0x00000000075db000 	/usr/lib/liblangid.dylib
0x00000000075db000 	/System/Library/PrivateFrameworks/MultitouchSupport.framework/Versions/A/MultitouchSupport
0x00000000075db000 	/System/Library/Frameworks/IOKit.framework/Versions/A/IOKit
0x00000000075db000 	/usr/lib/libDiagnosticMessagesClient.dylib
0x00000000075db000 	/System/Library/Frameworks/CoreServices.framework/Versions/A/CoreServices
0x00000000075db000 	/System/Library/PrivateFrameworks/PerformanceAnalysis.framework/Versions/A/PerformanceAnalysis
0x00000000075db000 	/System/Library/PrivateFrameworks/GenerationalStorage.framework/Versions/A/GenerationalStorage
0x00000000075db000 	/System/Library/Frameworks/OpenGL.framework/Versions/A/OpenGL
0x00000000075db000 	/System/Library/PrivateFrameworks/Sharing.framework/Versions/A/Sharing
0x00000000075db000 	/System/Library/Frameworks/CoreGraphics.framework/Versions/A/CoreGraphics
0x00000000075db000 	/System/Library/Frameworks/CoreText.framework/Versions/A/CoreText
0x00000000075db000 	/System/Library/Frameworks/ImageIO.framework/Versions/A/ImageIO
0x00000000075db000 	/usr/lib/libextension.dylib
0x00000000075db000 	/System/Library/PrivateFrameworks/Backup.framework/Versions/A/Backup
0x00000000075db000 	/usr/lib/libarchive.2.dylib
0x00000000075db000 	/System/Library/Frameworks/CFNetwork.framework/Versions/A/CFNetwork
0x00000000075db000 	/System/Library/Frameworks/SystemConfiguration.framework/Versions/A/SystemConfiguration
0x00000000075db000 	/usr/lib/libCRFSuite.dylib
0x00000000075db000 	/usr/lib/libc++.1.dylib
0x00000000075db000 	/usr/lib/libc++abi.dylib
0x00000000075db000 	/usr/lib/system/libcache.dylib
0x00000000075db000 	/usr/lib/system/libcommonCrypto.dylib
0x00000000075db000 	/usr/lib/system/libcompiler_rt.dylib
0x00000000075db000 	/usr/lib/system/libcopyfile.dylib
0x00000000075db000 	/usr/lib/system/libcorecrypto.dylib
0x00000000075db000 	/usr/lib/system/libdispatch.dylib
0x00000000075db000 	/usr/lib/system/libdyld.dylib
0x00000000075db000 	/usr/lib/system/libkeymgr.dylib
0x00000000075db000 	/usr/lib/system/liblaunch.dylib
0x00000000075db000 	/usr/lib/system/libmacho.dylib
0x00000000075db000 	/usr/lib/system/libquarantine.dylib
0x00000000075db000 	/usr/lib/system/libremovefile.dylib
0x00000000075db000 	/usr/lib/system/libsystem_asl.dylib
0x00000000075db000 	/usr/lib/system/libsystem_blocks.dylib
0x00000000075db000 	/usr/lib/system/libsystem_c.dylib
0x00000000075db000 	/usr/lib/system/libsystem_configuration.dylib
0x00000000075db000 	/usr/lib/system/libsystem_coreservices.dylib
0x00000000075db000 	/usr/lib/system/libsystem_coretls.dylib
0x00000000075db000 	/usr/lib/system/libsystem_dnssd.dylib
0x00000000075db000 	/usr/lib/system/libsystem_info.dylib
0x00000000075db000 	/usr/lib/system/libsystem_kernel.dylib
0x00000000075db000 	/usr/lib/system/libsystem_m.dylib
0x00000000075db000 	/usr/lib/system/libsystem_malloc.dylib
0x00000000075db000 	/usr/lib/system/libsystem_network.dylib
0x00000000075db000 	/usr/lib/system/libsystem_networkextension.dylib
0x00000000075db000 	/usr/lib/system/libsystem_notify.dylib
0x00000000075db000 	/usr/lib/system/libsystem_platform.dylib
0x00000000075db000 	/usr/lib/system/libsystem_pthread.dylib
0x00000000075db000 	/usr/lib/system/libsystem_sandbox.dylib
0x00000000075db000 	/usr/lib/system/libsystem_secinit.dylib
0x00000000075db000 	/usr/lib/system/libsystem_stats.dylib
0x00000000075db000 	/usr/lib/system/libsystem_trace.dylib
0x00000000075db000 	/usr/lib/system/libunc.dylib
0x00000000075db000 	/usr/lib/system/libunwind.dylib
0x00000000075db000 	/usr/lib/system/libxpc.dylib
0x00000000075db000 	/usr/lib/libbz2.1.0.dylib
0x00000000075db000 	/usr/lib/liblzma.5.dylib
0x00000000075db000 	/usr/lib/libbsm.0.dylib
0x00000000075db000 	/usr/lib/libsqlite3.dylib
0x00000000075db000 	/usr/lib/system/libkxld.dylib
0x00000000075db000 	/usr/lib/libxar.1.dylib
0x00000000075db000 	/usr/lib/libpam.2.dylib
0x00000000075db000 	/usr/lib/libOpenScriptingUtil.dylib
0x00000000075db000 	/System/Library/Frameworks/CoreServices.framework/Versions/A/Frameworks/FSEvents.framework/Versions/A/FSEvents
0x00000000075db000 	/System/Library/Frameworks/CoreServices.framework/Versions/A/Frameworks/CarbonCore.framework/Versions/A/CarbonCore
0x00000000075db000 	/System/Library/Frameworks/CoreServices.framework/Versions/A/Frameworks/Metadata.framework/Versions/A/Metadata
0x00000000075db000 	/System/Library/Frameworks/CoreServices.framework/Versions/A/Frameworks/OSServices.framework/Versions/A/OSServices
0x00000000075db000 	/System/Library/Frameworks/CoreServices.framework/Versions/A/Frameworks/SearchKit.framework/Versions/A/SearchKit
0x00000000075db000 	/System/Library/Frameworks/CoreServices.framework/Versions/A/Frameworks/AE.framework/Versions/A/AE
0x00000000075db000 	/System/Library/Frameworks/CoreServices.framework/Versions/A/Frameworks/LaunchServices.framework/Versions/A/LaunchServices
0x00000000075db000 	/System/Library/Frameworks/CoreServices.framework/Versions/A/Frameworks/DictionaryServices.framework/Versions/A/DictionaryServices
0x00000000075db000 	/System/Library/Frameworks/NetFS.framework/Versions/A/NetFS
0x00000000075db000 	/System/Library/PrivateFrameworks/NetAuth.framework/Versions/A/NetAuth
0x00000000075db000 	/System/Library/PrivateFrameworks/login.framework/Versions/A/Frameworks/loginsupport.framework/Versions/A/loginsupport
0x00000000075db000 	/System/Library/PrivateFrameworks/TCC.framework/Versions/A/TCC
0x00000000075db000 	/usr/lib/libmecabra.dylib
0x00000000075db000 	/System/Library/Frameworks/ApplicationServices.framework/Versions/A/Frameworks/ATS.framework/Versions/A/ATS
0x00000000075db000 	/System/Library/Frameworks/ApplicationServices.framework/Versions/A/Frameworks/ColorSync.framework/Versions/A/ColorSync
0x00000000075db000 	/System/Library/Frameworks/ApplicationServices.framework/Versions/A/Frameworks/HIServices.framework/Versions/A/HIServices
0x00000000075db000 	/System/Library/Frameworks/ApplicationServices.framework/Versions/A/Frameworks/LangAnalysis.framework/Versions/A/LangAnalysis
0x00000000075db000 	/System/Library/Frameworks/ApplicationServices.framework/Versions/A/Frameworks/PrintCore.framework/Versions/A/PrintCore
0x00000000075db000 	/System/Library/Frameworks/ApplicationServices.framework/Versions/A/Frameworks/QD.framework/Versions/A/QD
0x00000000075db000 	/System/Library/Frameworks/ApplicationServices.framework/Versions/A/Frameworks/SpeechSynthesis.framework/Versions/A/SpeechSynthesis
0x00000000075db000 	/System/Library/Frameworks/Accelerate.framework/Versions/A/Accelerate
0x00000000075db000 	/System/Library/Frameworks/Accelerate.framework/Versions/A/Frameworks/vImage.framework/Versions/A/vImage
0x00000000075db000 	/System/Library/Frameworks/Accelerate.framework/Versions/A/Frameworks/vecLib.framework/Versions/A/vecLib
0x00000000075db000 	/System/Library/Frameworks/Accelerate.framework/Versions/A/Frameworks/vecLib.framework/Versions/A/libvDSP.dylib
0x00000000075db000 	/System/Library/Frameworks/Accelerate.framework/Versions/A/Frameworks/vecLib.framework/Versions/A/libvMisc.dylib
0x00000000075db000 	/System/Library/Frameworks/Accelerate.framework/Versions/A/Frameworks/vecLib.framework/Versions/A/libLAPACK.dylib
0x00000000075db000 	/System/Library/Frameworks/Accelerate.framework/Versions/A/Frameworks/vecLib.framework/Versions/A/libBLAS.dylib
0x00000000075db000 	/System/Library/Frameworks/Accelerate.framework/Versions/A/Frameworks/vecLib.framework/Versions/A/libLinearAlgebra.dylib
0x00000000075db000 	/System/Library/Frameworks/ApplicationServices.framework/Versions/A/Frameworks/ATS.framework/Versions/A/Resources/libFontParser.dylib
0x00000000075db000 	/System/Library/Frameworks/ApplicationServices.framework/Versions/A/Frameworks/ATS.framework/Versions/A/Resources/libFontRegistry.dylib
0x00000000075db000 	/System/Library/PrivateFrameworks/AppleVPA.framework/Versions/A/AppleVPA
0x00000000075db000 	/System/Library/PrivateFrameworks/AppleJPEG.framework/Versions/A/AppleJPEG
0x00000000075db000 	/System/Library/Frameworks/ImageIO.framework/Versions/A/Resources/libJPEG.dylib
0x00000000075db000 	/System/Library/Frameworks/ImageIO.framework/Versions/A/Resources/libTIFF.dylib
0x00000000075db000 	/System/Library/Frameworks/ImageIO.framework/Versions/A/Resources/libPng.dylib
0x00000000075db000 	/System/Library/Frameworks/ImageIO.framework/Versions/A/Resources/libGIF.dylib
0x00000000075db000 	/System/Library/Frameworks/ImageIO.framework/Versions/A/Resources/libJP2.dylib
0x00000000075db000 	/System/Library/Frameworks/ImageIO.framework/Versions/A/Resources/libRadiance.dylib
0x00000000075db000 	/System/Library/Frameworks/CoreVideo.framework/Versions/A/CoreVideo
0x00000000075db000 	/System/Library/Frameworks/OpenGL.framework/Versions/A/Libraries/libGLU.dylib
0x00000000075db000 	/System/Library/Frameworks/OpenGL.framework/Versions/A/Libraries/libGFXShared.dylib
0x00000000075db000 	/System/Library/Frameworks/OpenGL.framework/Versions/A/Libraries/libGL.dylib
0x00000000075db000 	/System/Library/Frameworks/OpenGL.framework/Versions/A/Libraries/libGLImage.dylib
0x00000000075db000 	/System/Library/Frameworks/OpenGL.framework/Versions/A/Libraries/libCVMSPluginSupport.dylib
0x00000000075db000 	/System/Library/Frameworks/OpenGL.framework/Versions/A/Libraries/libCoreVMClient.dylib
0x00000000075db000 	/usr/lib/libcups.2.dylib
0x00000000075db000 	/System/Library/Frameworks/Kerberos.framework/Versions/A/Kerberos
0x00000000075db000 	/System/Library/Frameworks/GSS.framework/Versions/A/GSS
0x00000000075db000 	/usr/lib/libresolv.9.dylib
0x00000000075db000 	/usr/lib/libiconv.2.dylib
0x00000000075db000 	/System/Library/PrivateFrameworks/Heimdal.framework/Versions/A/Heimdal
0x00000000075db000 	/usr/lib/libheimdal-asn1.dylib
0x00000000075db000 	/System/Library/Frameworks/OpenDirectory.framework/Versions/A/OpenDirectory
0x00000000075db000 	/System/Library/PrivateFrameworks/CommonAuth.framework/Versions/A/CommonAuth
0x00000000075db000 	/System/Library/Frameworks/OpenDirectory.framework/Versions/A/Frameworks/CFOpenDirectory.framework/Versions/A/CFOpenDirectory
0x00000000075db000 	/System/Library/Frameworks/SecurityFoundation.framework/Versions/A/SecurityFoundation
0x00000000075db000 	/System/Library/PrivateFrameworks/LanguageModeling.framework/Versions/A/LanguageModeling
0x00000000075db000 	/usr/lib/libcmph.dylib
0x00000000075db000 	/System/Library/Frameworks/ServiceManagement.framework/Versions/A/ServiceManagement
0x00000000075db000 	/usr/lib/libxslt.1.dylib
0x00000000075db000 	/System/Library/Frameworks/Carbon.framework/Versions/A/Frameworks/Ink.framework/Versions/A/Ink
0x00000000075db000 	/System/Library/Frameworks/QuartzCore.framework/Versions/A/Frameworks/CoreImage.framework/Versions/A/CoreImage
0x00000000075db000 	/System/Library/PrivateFrameworks/CrashReporterSupport.framework/Versions/A/CrashReporterSupport
0x00000000075db000 	/System/Library/Frameworks/OpenCL.framework/Versions/A/OpenCL
0x00000000075db000 	/System/Library/PrivateFrameworks/FaceCore.framework/Versions/A/FaceCore
0x00000000075db000 	/System/Library/PrivateFrameworks/Ubiquity.framework/Versions/A/Ubiquity
0x00000000075db000 	/System/Library/PrivateFrameworks/IconServices.framework/Versions/A/IconServices
0x00000000075db000 	/System/Library/PrivateFrameworks/ChunkingLibrary.framework/Versions/A/ChunkingLibrary
0x00000000075db000 	/System/Library/PrivateFrameworks/Apple80211.framework/Versions/A/Apple80211
0x00000000075db000 	/System/Library/Frameworks/CoreWLAN.framework/Versions/A/CoreWLAN
0x00000000075db000 	/System/Library/Frameworks/IOBluetooth.framework/Versions/A/IOBluetooth
0x00000000075db000 	/System/Library/PrivateFrameworks/CoreWiFi.framework/Versions/A/CoreWiFi
0x00000000075db000 	/System/Library/Frameworks/CoreBluetooth.framework/Versions/A/CoreBluetooth
0x00000000075db000 	/System/Library/PrivateFrameworks/DebugSymbols.framework/Versions/A/DebugSymbols
0x00000000075db000 	/System/Library/PrivateFrameworks/CoreSymbolication.framework/Versions/A/CoreSymbolication
0x00000000075db000 	/System/Library/PrivateFrameworks/Symbolication.framework/Versions/A/Symbolication
0x00000000075db000 	/System/Library/PrivateFrameworks/SpeechRecognitionCore.framework/Versions/A/SpeechRecognitionCore
0x000000010c400000 	/Library/Java/JavaVirtualMachines/jdk1.8.0_51.jdk/Contents/Home/jre/lib/server/libjvm.dylib
0x00000000075db000 	/usr/lib/libstdc++.6.dylib
0x000000010d369000 	/Library/Java/JavaVirtualMachines/jdk1.8.0_51.jdk/Contents/Home/jre/lib/libverify.dylib
0x000000010d377000 	/Library/Java/JavaVirtualMachines/jdk1.8.0_51.jdk/Contents/Home/jre/lib/libjava.dylib
0x000000010d3b4000 	/Library/Java/JavaVirtualMachines/jdk1.8.0_51.jdk/Contents/Home/jre/lib/libzip.dylib
0x0000000128f6c000 	/System/Library/Frameworks/JavaVM.framework/Frameworks/JavaRuntimeSupport.framework/JavaRuntimeSupport
0x0000000128f84000 	/System/Library/Frameworks/JavaVM.framework/Versions/A/Frameworks/JavaNativeFoundation.framework/Versions/A/JavaNativeFoundation
0x0000000128f99000 	/System/Library/Frameworks/JavaVM.framework/Versions/A/JavaVM
0x00000000075db000 	/System/Library/Frameworks/Carbon.framework/Versions/A/Carbon
0x0000000128fa6000 	/System/Library/PrivateFrameworks/JavaLaunching.framework/Versions/A/JavaLaunching
0x00000000075db000 	/System/Library/Frameworks/Carbon.framework/Versions/A/Frameworks/CommonPanels.framework/Versions/A/CommonPanels
0x00000000075db000 	/System/Library/Frameworks/Carbon.framework/Versions/A/Frameworks/Help.framework/Versions/A/Help
0x00000000075db000 	/System/Library/Frameworks/Carbon.framework/Versions/A/Frameworks/ImageCapture.framework/Versions/A/ImageCapture
0x00000000075db000 	/System/Library/Frameworks/Carbon.framework/Versions/A/Frameworks/OpenScripting.framework/Versions/A/OpenScripting
0x00000000075db000 	/System/Library/Frameworks/Carbon.framework/Versions/A/Frameworks/Print.framework/Versions/A/Print
0x00000000075db000 	/System/Library/Frameworks/Carbon.framework/Versions/A/Frameworks/SecurityHI.framework/Versions/A/SecurityHI
0x000000012b172000 	/Library/Java/JavaVirtualMachines/jdk1.8.0_51.jdk/Contents/Home/jre/lib/libprism_es2.dylib
0x00000000075db000 	/System/Library/Frameworks/OpenGL.framework/Versions/A/Resources/GLEngine.bundle/GLEngine
0x00000000075db000 	/System/Library/Frameworks/OpenGL.framework/Versions/A/Libraries/libGLProgrammability.dylib
0x0000000000000000 	/System/Library/Extensions/AppleIntelHD5000GraphicsGLDriver.bundle/Contents/MacOS/AppleIntelHD5000GraphicsGLDriver
0x00000000075db000 	/System/Library/PrivateFrameworks/IOAccelerator.framework/Versions/A/IOAccelerator
0x00000000075db000 	/System/Library/PrivateFrameworks/GPUSupport.framework/Versions/A/Libraries/libGPUSupportMercury.dylib
0x0000000000000000 	/System/Library/Extensions/AMDRadeonX4000GLDriver.bundle/Contents/MacOS/AMDRadeonX4000GLDriver
0x00000000075db000 	/System/Library/Frameworks/OpenGL.framework/Versions/A/Resources/GLRendererFloat.bundle/GLRendererFloat
0x00000000075db000 	/System/Library/Frameworks/OpenCL.framework/Versions/A/Libraries/libcldcpuengine.dylib
0x00000000075db000 	/System/Library/PrivateFrameworks/DiskImages.framework/Versions/A/DiskImages
0x00000000075db000 	/System/Library/Frameworks/DiscRecording.framework/Versions/A/DiscRecording
0x00000000075db000 	/usr/lib/libcsfde.dylib
0x00000000075db000 	/usr/lib/libcurl.4.dylib
0x00000000075db000 	/System/Library/PrivateFrameworks/MediaKit.framework/Versions/A/MediaKit
0x00000000075db000 	/System/Library/PrivateFrameworks/ProtectedCloudStorage.framework/Versions/A/ProtectedCloudStorage
0x00000000075db000 	/usr/lib/libCoreStorage.dylib
0x00000000075db000 	/System/Library/PrivateFrameworks/EFILogin.framework/Versions/A/EFILogin
0x00000000075db000 	/usr/lib/libutil.dylib
0x00000000075db000 	/System/Library/PrivateFrameworks/FindMyDevice.framework/Versions/A/FindMyDevice
0x00000000075db000 	/System/Library/Frameworks/LDAP.framework/Versions/A/LDAP
0x00000000075db000 	/usr/lib/libsasl2.2.dylib
0x00000000075db000 	/System/Library/PrivateFrameworks/CoreDaemon.framework/Versions/B/CoreDaemon
0x00000000075db000 	/usr/lib/libcrypto.0.9.8.dylib
0x00000000075db000 	/System/Library/PrivateFrameworks/AppleSRP.framework/Versions/A/AppleSRP
0x00000000075db000 	/System/Library/PrivateFrameworks/TrustEvaluationAgent.framework/Versions/A/TrustEvaluationAgent
0x000000012b24e000 	/Library/Java/JavaVirtualMachines/jdk1.8.0_51.jdk/Contents/Home/jre/lib/libglass.dylib
0x00000000075db000 	/System/Library/PrivateFrameworks/CoreServicesInternal.framework/Versions/A/CoreServicesInternal
0x00000000075db000 	/System/Library/PrivateFrameworks/CloudDocs.framework/Versions/A/CloudDocs
0x00000000075db000 	/System/Library/PrivateFrameworks/CoreDuet.framework/Versions/A/CoreDuet
0x00000000075db000 	/System/Library/Frameworks/CloudKit.framework/Versions/A/CloudKit
0x00000000075db000 	/System/Library/PrivateFrameworks/ProtocolBuffer.framework/Versions/A/ProtocolBuffer
0x00000000075db000 	/System/Library/PrivateFrameworks/CoreDuetDaemonProtocol.framework/Versions/A/CoreDuetDaemonProtocol
0x00000000075db000 	/System/Library/PrivateFrameworks/CoreDuetDebugLogging.framework/Versions/A/CoreDuetDebugLogging
0x00000000075db000 	/System/Library/PrivateFrameworks/MMCS.framework/Versions/A/MMCS
0x00000000075db000 	/System/Library/Frameworks/CoreLocation.framework/Versions/A/CoreLocation
0x00000000075db000 	/System/Library/PrivateFrameworks/GeoServices.framework/Versions/A/GeoServices
0x00000000075db000 	/System/Library/Frameworks/CoreGraphics.framework/Versions/A/Resources/libCGCMS.A.dylib
0x00000000075db000 	/System/Library/CoreServices/RawCamera.bundle/Contents/MacOS/RawCamera
0x00000000075db000 	/System/Library/Frameworks/CoreGraphics.framework/Versions/A/Resources/libRIP.A.dylib
0x00000000075db000 	/System/Library/PrivateFrameworks/FamilyControls.framework/Versions/A/FamilyControls
0x00000000075db000 	/System/Library/PrivateFrameworks/CommerceKit.framework/Versions/A/Frameworks/CommerceCore.framework/Versions/A/CommerceCore
0x00000000075db000 	/System/Library/PrivateFrameworks/SystemAdministration.framework/Versions/A/SystemAdministration
0x00000000075db000 	/System/Library/PrivateFrameworks/AppContainer.framework/Versions/A/AppContainer
0x00000000075db000 	/System/Library/PrivateFrameworks/SecCodeWrapper.framework/Versions/A/SecCodeWrapper
0x00000000075db000 	/System/Library/Frameworks/DirectoryService.framework/Versions/A/DirectoryService
0x00000000075db000 	/System/Library/PrivateFrameworks/LoginUIKit.framework/Versions/A/Frameworks/LoginUICore.framework/Versions/A/LoginUICore
0x00000000075db000 	/usr/lib/libodfde.dylib

VM Arguments:
jvm_args: -Dfile.encoding=UTF-8 
java_command: /Users/hq/Desktop/Code_Practice/javaFX/ObserverDesignPattern_FXMLversion/dist/run876042697/ObserverDesignPattern_FXMLversion.jar
java_class_path (initial): /Users/hq/Desktop/Code_Practice/javaFX/ObserverDesignPattern_FXMLversion/dist/run876042697/ObserverDesignPattern_FXMLversion.jar
Launcher Type: SUN_STANDARD

Environment Variables:
PATH=/usr/bin:/bin:/usr/sbin:/sbin
LD_LIBRARY_PATH=/Library/Java/JavaVirtualMachines/jdk1.8.0_51.jdk/Contents/Home/jre/lib/amd64:/Library/Java/JavaVirtualMachines/jdk1.8.0_51.jdk/Contents/Home/jre/lib/i386:
SHELL=/bin/bash
DISPLAY=/private/tmp/com.apple.launchd.kn1iUwAvdM/org.macosforge.xquartz:0
DYLD_LIBRARY_PATH=/Applications/NetBeans/NetBeans 8.0.2.app/Contents/Resources/NetBeans/webcommon/bin:

Signal Handlers:
SIGSEGV: [libjvm.dylib+0x58ef35], sa_mask[0]=11111111011111110111111111111111, sa_flags=SA_ONSTACK|SA_RESTART|SA_SIGINFO
SIGBUS: [libjvm.dylib+0x58ef35], sa_mask[0]=11111111011111110111111111111111, sa_flags=SA_RESTART|SA_SIGINFO
SIGFPE: [libjvm.dylib+0x46c028], sa_mask[0]=11111111011111110111111111111111, sa_flags=SA_RESTART|SA_SIGINFO
SIGPIPE: [libjvm.dylib+0x46c028], sa_mask[0]=11111111011111110111111111111111, sa_flags=SA_RESTART|SA_SIGINFO
SIGXFSZ: [libjvm.dylib+0x46c028], sa_mask[0]=11111111011111110111111111111111, sa_flags=SA_RESTART|SA_SIGINFO
SIGILL: [libjvm.dylib+0x46c028], sa_mask[0]=11111111011111110111111111111111, sa_flags=SA_RESTART|SA_SIGINFO
SIGUSR1: SIG_DFL, sa_mask[0]=00000000000000000000000000000000, sa_flags=none
SIGUSR2: [libjvm.dylib+0x46bb46], sa_mask[0]=00100000000000000000000000000000, sa_flags=SA_RESTART|SA_SIGINFO
SIGHUP: [libjvm.dylib+0x46a119], sa_mask[0]=11111111011111110111111111111111, sa_flags=SA_RESTART|SA_SIGINFO
SIGINT: SIG_IGN, sa_mask[0]=00000000000000000000000000000000, sa_flags=none
SIGTERM: [libjvm.dylib+0x46a119], sa_mask[0]=11111111011111110111111111111111, sa_flags=SA_RESTART|SA_SIGINFO
SIGQUIT: [libjvm.dylib+0x46a119], sa_mask[0]=11111111011111110111111111111111, sa_flags=SA_RESTART|SA_SIGINFO


---------------  S Y S T E M  ---------------

OS:Bsduname:Darwin 14.3.0 Darwin Kernel Version 14.3.0: Mon Mar 23 20:23:44 PDT 2015; root:xnu-2782.20.48~8/RELEASE_X86_64 x86_64
rlimit: STACK 8192k, CORE 0k, NPROC 709, NOFILE 10240, AS infinity
load average:1.75 2.21 2.23

CPU:total 8 (4 cores per cpu, 2 threads per core) family 6 model 70 stepping 1, cmov, cx8, fxsr, mmx, sse, sse2, sse3, ssse3, sse4.1, sse4.2, popcnt, avx, avx2, aes, clmul, erms, lzcnt, ht, tsc, tscinvbit, bmi1, bmi2

Memory: 4k page, physical 16777216k(1069384k free)

/proc/meminfo:


vm_info: Java HotSpot(TM) 64-Bit Server VM (25.51-b03) for bsd-amd64 JRE (1.8.0_51-b16), built on Jun  8 2015 18:01:11 by "java_re" with gcc 4.2.1 (Based on Apple Inc. build 5658) (LLVM build 2336.11.00)

time: Wed Nov 25 17:56:41 2015
elapsed time: 0 seconds (0d 0h 0m 0s)

